Log file open, 02/27/19 16:08:09
LogWindows: Failed to load 'aqProf.dll' (GetLastError=126)
LogWindows: File 'aqProf.dll' does not exist
LogWindows: Failed to load 'VtuneApi.dll' (GetLastError=126)
LogWindows: File 'VtuneApi.dll' does not exist
LogWindows: Failed to load 'VtuneApi32e.dll' (GetLastError=126)
LogWindows: File 'VtuneApi32e.dll' does not exist
LogInit: Display: Running engine for game: MyProject
LogPlatformFile: Not using cached read wrapper
LogInit: Display: RandInit(-965428035) SRandInit(-965428035).
LogInit: Read version file with build ID '3944462'
LogInit: Overriding engine version to CL 4033788, compatible CL 3944462
LogInit: Registered custom module enumerator with build ID '3944462'
LogTaskGraph: Started task graph with 5 named threads and 23 total threads with 3 sets of task threads.
LogStats: Stats thread started at 0.298122
LogD3D11RHI: Aftermath initialized
LogICUInternationalization: Display: ICU TimeZone Detection - Raw Offset: -8:00, Platform Override: ''
LogModuleManager: Display: Found up-to-date module file ../../../Engine/Plugins/2D/Paper2D/Binaries/Win64/UE4Editor-Paper2D.dll (API version 3944462).
LogModuleManager: Display: Found up-to-date module file ../../../Engine/Plugins/2D/Paper2D/Binaries/Win64/UE4Editor-Paper2DEditor.dll (API version 3944462).
LogModuleManager: Display: Found up-to-date module file ../../../Engine/Plugins/2D/Paper2D/Binaries/Win64/UE4Editor-PaperSpriteSheetImporter.dll (API version 3944462).
LogModuleManager: Display: Found up-to-date module file ../../../Engine/Plugins/2D/Paper2D/Binaries/Win64/UE4Editor-PaperTiledImporter.dll (API version 3944462).
LogModuleManager: Display: Found up-to-date module file ../../../Engine/Plugins/2D/Paper2D/Binaries/Win64/UE4Editor-SmartSnapping.dll (API version 3944462).
LogModuleManager: Display: Found up-to-date module file ../../../Engine/Plugins/Blendables/LightPropagationVolume/Binaries/Win64/UE4Editor-LightPropagationVolumeRuntime.dll (API version 3944462).
LogModuleManager: Display: Found up-to-date module file ../../../Engine/Plugins/Blendables/LightPropagationVolume/Binaries/Win64/UE4Editor-LightPropagationVolumeEditor.dll (API version 3944462).
LogModuleManager: Display: Found up-to-date module file ../../../Engine/Plugins/Developer/CLionSourceCodeAccess/Binaries/Win64/UE4Editor-CLionSourceCodeAccess.dll (API version 3944462).
LogModuleManager: Display: Found up-to-date module file ../../../Engine/Plugins/Developer/GitSourceControl/Binaries/Win64/UE4Editor-GitSourceControl.dll (API version 3944462).
LogModuleManager: Display: Found up-to-date module file ../../../Engine/Plugins/Developer/PerforceSourceControl/Binaries/Win64/UE4Editor-PerforceSourceControl.dll (API version 3944462).
LogModuleManager: Display: Found up-to-date module file ../../../Engine/Plugins/Developer/SubversionSourceControl/Binaries/Win64/UE4Editor-SubversionSourceControl.dll (API version 3944462).
LogModuleManager: Display: Found up-to-date module file ../../../Engine/Plugins/Developer/UObjectPlugin/Binaries/Win64/UE4Editor-UObjectPlugin.dll (API version 3944462).
LogModuleManager: Display: Found up-to-date module file ../../../Engine/Plugins/Developer/VisualStudioCodeSourceCodeAccess/Binaries/Win64/UE4Editor-VisualStudioCodeSourceCodeAccess.dll (API version 3944462).
LogModuleManager: Display: Found up-to-date module file ../../../Engine/Plugins/Developer/VisualStudioSourceCodeAccess/Binaries/Win64/UE4Editor-VisualStudioSourceCodeAccess.dll (API version 3944462).
LogModuleManager: Display: Found up-to-date module file ../../../Engine/Plugins/Editor/AssetManagerEditor/Binaries/Win64/UE4Editor-AssetManagerEditor.dll (API version 3944462).
LogModuleManager: Display: Found up-to-date module file ../../../Engine/Plugins/Editor/CryptoKeys/Binaries/Win64/UE4Editor-CryptoKeys.dll (API version 3944462).
LogModuleManager: Display: Found up-to-date module file ../../../Engine/Plugins/Editor/CryptoKeys/Binaries/Win64/UE4Editor-CryptoKeysOpenSSL.dll (API version 3944462).
LogModuleManager: Display: Found up-to-date module file ../../../Engine/Plugins/Editor/DataValidation/Binaries/Win64/UE4Editor-DataValidation.dll (API version 3944462).
LogModuleManager: Display: Found up-to-date module file ../../../Engine/Plugins/Editor/FacialAnimation/Binaries/Win64/UE4Editor-FacialAnimation.dll (API version 3944462).
LogModuleManager: Display: Found up-to-date module file ../../../Engine/Plugins/Editor/FacialAnimation/Binaries/Win64/UE4Editor-FacialAnimationEditor.dll (API version 3944462).
LogModuleManager: Display: Found up-to-date module file ../../../Engine/Plugins/Editor/GameplayTagsEditor/Binaries/Win64/UE4Editor-GameplayTagsEditor.dll (API version 3944462).
LogModuleManager: Display: Found up-to-date module file ../../../Engine/Plugins/Editor/MobileLauncherProfileWizard/Binaries/Win64/UE4Editor-MobileLauncherProfileWizard.dll (API version 3944462).
LogModuleManager: Display: Found up-to-date module file ../../../Engine/Plugins/Editor/PluginBrowser/Binaries/Win64/UE4Editor-PluginBrowser.dll (API version 3944462).
LogModuleManager: Display: Found up-to-date module file ../../../Engine/Plugins/Editor/SpeedTreeImporter/Binaries/Win64/UE4Editor-SpeedTreeImporter.dll (API version 3944462).
LogModuleManager: Display: Found up-to-date module file ../../../Engine/Plugins/Enterprise/DatasmithContent/Binaries/Win64/UE4Editor-DatasmithContent.dll (API version 3944462).
LogModuleManager: Display: Found up-to-date module file ../../../Engine/Plugins/Experimental/AlembicImporter/Binaries/Win64/UE4Editor-AlembicImporter.dll (API version 3944462).
LogModuleManager: Display: Found up-to-date module file ../../../Engine/Plugins/Experimental/AlembicImporter/Binaries/Win64/UE4Editor-AlembicLibrary.dll (API version 3944462).
LogModuleManager: Display: Found up-to-date module file ../../../Engine/Plugins/Experimental/CharacterAI/Binaries/Win64/UE4Editor-CharacterAI.dll (API version 3944462).
LogModuleManager: Display: Found up-to-date module file ../../../Engine/Plugins/Experimental/HTML5Networking/Binaries/Win64/UE4Editor-HTML5Networking.dll (API version 3944462).
LogModuleManager: Display: Found up-to-date module file ../../../Engine/Plugins/Media/AndroidMedia/Binaries/Win64/UE4Editor-AndroidMediaEditor.dll (API version 3944462).
LogModuleManager: Display: Found up-to-date module file ../../../Engine/Plugins/Media/AndroidMedia/Binaries/Win64/UE4Editor-AndroidMediaFactory.dll (API version 3944462).
LogModuleManager: Display: Found up-to-date module file ../../../Engine/Plugins/Media/AvfMedia/Binaries/Win64/UE4Editor-AvfMediaEditor.dll (API version 3944462).
LogModuleManager: Display: Found up-to-date module file ../../../Engine/Plugins/Media/AvfMedia/Binaries/Win64/UE4Editor-AvfMediaFactory.dll (API version 3944462).
LogModuleManager: Display: Found up-to-date module file ../../../Engine/Plugins/Media/AvfMedia/Binaries/Win64/UE4Editor-AvfMediaFactory.dll (API version 3944462).
LogModuleManager: Display: Found up-to-date module file ../../../Engine/Plugins/Media/ImgMedia/Binaries/Win64/UE4Editor-ImgMedia.dll (API version 3944462).
LogModuleManager: Display: Found up-to-date module file ../../../Engine/Plugins/Media/ImgMedia/Binaries/Win64/UE4Editor-ImgMediaEditor.dll (API version 3944462).
LogModuleManager: Display: Found up-to-date module file ../../../Engine/Plugins/Media/ImgMedia/Binaries/Win64/UE4Editor-ImgMediaFactory.dll (API version 3944462).
LogModuleManager: Display: Found up-to-date module file ../../../Engine/Plugins/Media/ImgMedia/Binaries/Win64/UE4Editor-ImgMediaFactory.dll (API version 3944462).
LogModuleManager: Display: Found up-to-date module file ../../../Engine/Plugins/Media/ImgMedia/Binaries/Win64/UE4Editor-OpenExrWrapper.dll (API version 3944462).
LogModuleManager: Display: Found up-to-date module file ../../../Engine/Plugins/Media/LinearTimecode/Binaries/Win64/UE4Editor-LinearTimecode.dll (API version 3944462).
LogModuleManager: Display: Found up-to-date module file ../../../Engine/Plugins/Media/MediaCompositing/Binaries/Win64/UE4Editor-MediaCompositing.dll (API version 3944462).
LogModuleManager: Display: Found up-to-date module file ../../../Engine/Plugins/Media/MediaCompositing/Binaries/Win64/UE4Editor-MediaCompositingEditor.dll (API version 3944462).
LogModuleManager: Display: Found up-to-date module file ../../../Engine/Plugins/Media/MediaPlayerEditor/Binaries/Win64/UE4Editor-MediaPlayerEditor.dll (API version 3944462).
LogModuleManager: Display: Found up-to-date module file ../../../Engine/Plugins/Media/WmfMedia/Binaries/Win64/UE4Editor-WmfMedia.dll (API version 3944462).
LogModuleManager: Display: Found up-to-date module file ../../../Engine/Plugins/Media/WmfMedia/Binaries/Win64/UE4Editor-WmfMediaEditor.dll (API version 3944462).
LogModuleManager: Display: Found up-to-date module file ../../../Engine/Plugins/Media/WmfMedia/Binaries/Win64/UE4Editor-WmfMediaFactory.dll (API version 3944462).
LogModuleManager: Display: Found up-to-date module file ../../../Engine/Plugins/Media/WmfMedia/Binaries/Win64/UE4Editor-WmfMediaFactory.dll (API version 3944462).
LogModuleManager: Display: Found up-to-date module file ../../../Engine/Plugins/Messaging/TcpMessaging/Binaries/Win64/UE4Editor-TcpMessaging.dll (API version 3944462).
LogModuleManager: Display: Found up-to-date module file ../../../Engine/Plugins/Messaging/UdpMessaging/Binaries/Win64/UE4Editor-UdpMessaging.dll (API version 3944462).
LogModuleManager: Display: Found up-to-date module file ../../../Engine/Plugins/MovieScene/ActorSequence/Binaries/Win64/UE4Editor-ActorSequence.dll (API version 3944462).
LogModuleManager: Display: Found up-to-date module file ../../../Engine/Plugins/MovieScene/LevelSequenceEditor/Binaries/Win64/UE4Editor-LevelSequenceEditor.dll (API version 3944462).
LogModuleManager: Display: Found up-to-date module file ../../../Engine/Plugins/MovieScene/MatineeToLevelSequence/Binaries/Win64/UE4Editor-MatineeToLevelSequence.dll (API version 3944462).
LogModuleManager: Display: Found up-to-date module file ../../../Engine/Plugins/NetcodeUnitTest/NetcodeUnitTest/Binaries/Win64/UE4Editor-NetcodeUnitTest.dll (API version 3944462).
LogModuleManager: Display: Found up-to-date module file ../../../Engine/Plugins/NetcodeUnitTest/NUTUnrealEngine4/Binaries/Win64/UE4Editor-NUTUnrealEngine4.dll (API version 3944462).
LogModuleManager: Display: Found up-to-date module file ../../../Engine/Plugins/Online/OnlineSubsystem/Binaries/Win64/UE4Editor-OnlineSubsystem.dll (API version 3944462).
LogModuleManager: Display: Found up-to-date module file ../../../Engine/Plugins/Runtime/AndroidPermission/Binaries/Win64/UE4Editor-AndroidPermission.dll (API version 3944462).
LogModuleManager: Display: Found up-to-date module file ../../../Engine/Plugins/Online/OnlineSubsystemNull/Binaries/Win64/UE4Editor-OnlineSubsystemNull.dll (API version 3944462).
LogModuleManager: Display: Found up-to-date module file ../../../Engine/Plugins/Online/OnlineSubsystemUtils/Binaries/Win64/UE4Editor-OnlineSubsystemUtils.dll (API version 3944462).
LogModuleManager: Display: Found up-to-date module file ../../../Engine/Plugins/Online/OnlineSubsystemUtils/Binaries/Win64/UE4Editor-OnlineBlueprintSupport.dll (API version 3944462).
LogModuleManager: Display: Found up-to-date module file ../../../Engine/Plugins/Runtime/AndroidDeviceProfileSelector/Binaries/Win64/UE4Editor-AndroidDeviceProfileSelector.dll (API version 3944462).
LogModuleManager: Display: Found up-to-date module file ../../../Engine/Plugins/Runtime/AppleARKit/Binaries/Win64/UE4Editor-AppleARKit.dll (API version 3944462).
LogModuleManager: Display: Found up-to-date module file ../../../Engine/Plugins/Runtime/ProceduralMeshComponent/Binaries/Win64/UE4Editor-ProceduralMeshComponent.dll (API version 3944462).
LogModuleManager: Display: Found up-to-date module file ../../../Engine/Plugins/Runtime/ProceduralMeshComponent/Binaries/Win64/UE4Editor-ProceduralMeshComponentEditor.dll (API version 3944462).
LogModuleManager: Display: Found up-to-date module file ../../../Engine/Plugins/Animation/LiveLink/Binaries/Win64/UE4Editor-LiveLink.dll (API version 3944462).
LogModuleManager: Display: Found up-to-date module file ../../../Engine/Plugins/Animation/LiveLink/Binaries/Win64/UE4Editor-LiveLinkEditor.dll (API version 3944462).
LogModuleManager: Display: Found up-to-date module file ../../../Engine/Plugins/Runtime/ArchVisCharacter/Binaries/Win64/UE4Editor-ArchVisCharacter.dll (API version 3944462).
LogModuleManager: Display: Found up-to-date module file ../../../Engine/Plugins/Runtime/AudioCapture/Binaries/Win64/UE4Editor-AudioCapture.dll (API version 3944462).
LogModuleManager: Display: Found up-to-date module file ../../../Engine/Plugins/Runtime/AudioCapture/Binaries/Win64/UE4Editor-AudioCaptureEditor.dll (API version 3944462).
LogModuleManager: Display: Found up-to-date module file ../../../Engine/Plugins/Runtime/CableComponent/Binaries/Win64/UE4Editor-CableComponent.dll (API version 3944462).
LogModuleManager: Display: Found up-to-date module file ../../../Engine/Plugins/Runtime/CustomMeshComponent/Binaries/Win64/UE4Editor-CustomMeshComponent.dll (API version 3944462).
LogModuleManager: Display: Found up-to-date module file ../../../Engine/Plugins/Runtime/ExampleDeviceProfileSelector/Binaries/Win64/UE4Editor-ExampleDeviceProfileSelector.dll (API version 3944462).
LogModuleManager: Display: Found up-to-date module file ../../../Engine/Plugins/Runtime/ImmediatePhysics/Binaries/Win64/UE4Editor-ImmediatePhysics.dll (API version 3944462).
LogModuleManager: Display: Found up-to-date module file ../../../Engine/Plugins/Runtime/ImmediatePhysics/Binaries/Win64/UE4Editor-ImmediatePhysicsEditor.dll (API version 3944462).
LogModuleManager: Display: Found up-to-date module file ../../../Engine/Plugins/Runtime/LocationServicesBPLibrary/Binaries/Win64/UE4Editor-LocationServicesBPLibrary.dll (API version 3944462).
LogModuleManager: Display: Found up-to-date module file ../../../Engine/Plugins/Runtime/MobilePatchingUtils/Binaries/Win64/UE4Editor-MobilePatchingUtils.dll (API version 3944462).
LogModuleManager: Display: Found up-to-date module file ../../../Engine/Plugins/Runtime/Oculus/OculusVR/Binaries/Win64/UE4Editor-OculusHMD.dll (API version 3944462).
LogModuleManager: Display: Found up-to-date module file ../../../Engine/Plugins/Runtime/Oculus/OculusVR/Binaries/Win64/UE4Editor-OculusInput.dll (API version 3944462).
LogModuleManager: Display: Found up-to-date module file ../../../Engine/Plugins/Runtime/Oculus/OculusVR/Binaries/Win64/UE4Editor-OculusEditor.dll (API version 3944462).
LogModuleManager: Display: Found up-to-date module file ../../../Engine/Plugins/Runtime/PhysXVehicles/Binaries/Win64/UE4Editor-PhysXVehicles.dll (API version 3944462).
LogModuleManager: Display: Found up-to-date module file ../../../Engine/Plugins/Runtime/PhysXVehicles/Binaries/Win64/UE4Editor-PhysXVehiclesEditor.dll (API version 3944462).
LogModuleManager: Display: Found up-to-date module file ../../../Engine/Plugins/Runtime/RuntimePhysXCooking/Binaries/Win64/UE4Editor-RuntimePhysXCooking.dll (API version 3944462).
LogModuleManager: Display: Found up-to-date module file ../../../Engine/Plugins/Runtime/Steam/SteamVR/Binaries/Win64/UE4Editor-SteamVR.dll (API version 3944462).
LogModuleManager: Display: Found up-to-date module file ../../../Engine/Plugins/Runtime/Steam/SteamVR/Binaries/Win64/UE4Editor-SteamVRController.dll (API version 3944462).
LogModuleManager: Display: Found up-to-date module file ../../../Engine/Plugins/Runtime/WindowsMoviePlayer/Binaries/Win64/UE4Editor-WindowsMoviePlayer.dll (API version 3944462).
LogPluginManager: Mounting plugin Paper2D
LogPluginManager: Mounting plugin LiveLink
LogPluginManager: Mounting plugin LightPropagationVolume
LogPluginManager: Mounting plugin CLionSourceCodeAccess
LogPluginManager: Mounting plugin CodeLiteSourceCodeAccess
LogPluginManager: Mounting plugin GitSourceControl
LogPluginManager: Mounting plugin KDevelopSourceCodeAccess
LogPluginManager: Mounting plugin NullSourceCodeAccess
LogPluginManager: Mounting plugin PerforceSourceControl
LogPluginManager: Mounting plugin SubversionSourceControl
LogPluginManager: Mounting plugin UObjectPlugin
LogPluginManager: Mounting plugin VisualStudioCodeSourceCodeAccess
LogPluginManager: Mounting plugin VisualStudioSourceCodeAccess
LogPluginManager: Mounting plugin XCodeSourceCodeAccess
LogPluginManager: Mounting plugin AssetManagerEditor
LogPluginManager: Mounting plugin CryptoKeys
LogPluginManager: Mounting plugin DataValidation
LogPluginManager: Mounting plugin FacialAnimation
LogPluginManager: Mounting plugin GameplayTagsEditor
LogPluginManager: Mounting plugin MobileLauncherProfileWizard
LogPluginManager: Mounting plugin PluginBrowser
LogPluginManager: Mounting plugin SpeedTreeImporter
LogPluginManager: Mounting plugin DatasmithContent
LogPluginManager: Mounting plugin AlembicImporter
LogPluginManager: Mounting plugin CharacterAI
LogPluginManager: Mounting plugin HTML5Networking
LogPluginManager: Mounting plugin AndroidMedia
LogPluginManager: Mounting plugin AvfMedia
LogPluginManager: Mounting plugin ImgMedia
LogPluginManager: Mounting plugin LinearTimecode
LogPluginManager: Mounting plugin MediaCompositing
LogPluginManager: Mounting plugin MediaPlayerEditor
LogPluginManager: Mounting plugin WmfMedia
LogPluginManager: Mounting plugin TcpMessaging
LogPluginManager: Mounting plugin UdpMessaging
LogPluginManager: Mounting plugin ActorSequence
LogPluginManager: Mounting plugin LevelSequenceEditor
LogPluginManager: Mounting plugin MatineeToLevelSequence
LogPluginManager: Mounting plugin NetcodeUnitTest
LogPluginManager: Mounting plugin NUTUnrealEngine4
LogPluginManager: Mounting plugin OnlineSubsystemGooglePlay
LogPluginManager: Mounting plugin OnlineSubsystemIOS
LogPluginManager: Mounting plugin OnlineSubsystem
LogPluginManager: Mounting plugin OnlineSubsystemNull
LogPluginManager: Mounting plugin OnlineSubsystemUtils
LogPluginManager: Mounting plugin AndroidDeviceProfileSelector
LogPluginManager: Mounting plugin AndroidMoviePlayer
LogPluginManager: Mounting plugin AndroidPermission
LogPluginManager: Mounting plugin AppleARKit
LogPluginManager: Mounting plugin AppleMoviePlayer
LogPluginManager: Mounting plugin ArchVisCharacter
LogPluginManager: Mounting plugin AudioCapture
LogPluginManager: Mounting plugin CableComponent
LogPluginManager: Mounting plugin CustomMeshComponent
LogPluginManager: Mounting plugin ExampleDeviceProfileSelector
LogPluginManager: Mounting plugin GoogleCloudMessaging
LogPluginManager: Mounting plugin ImmediatePhysics
LogPluginManager: Mounting plugin IOSDeviceProfileSelector
LogPluginManager: Mounting plugin LinuxDeviceProfileSelector
LogPluginManager: Mounting plugin LocationServicesBPLibrary
LogPluginManager: Mounting plugin MobilePatchingUtils
LogPluginManager: Mounting plugin OculusVR
LogPluginManager: Plugin shader directory ../../../Engine/Plugins/Runtime/Oculus/OculusVR/Shaders found
LogPluginManager: Mapping shader source directory ../../../Engine/Plugins/Runtime/Oculus/OculusVR/Shaders to virtual directory /Plugin/OculusVR
LogPluginManager: Mounting plugin PhysXVehicles
LogPluginManager: Mounting plugin ProceduralMeshComponent
LogPluginManager: Mounting plugin RuntimePhysXCooking
LogPluginManager: Mounting plugin SteamVR
LogPluginManager: Mounting plugin WindowsMoviePlayer
LogStreaming: Display: Took  1.171s to configure plugins.
LogInit: Using libcurl 7.47.1
LogInit:  - built for x86_64-pc-win32
LogInit:  - supports SSL with OpenSSL/1.0.2g
LogInit:  - supports HTTP deflate (compression) using libz 1.2.8
LogInit:  - other features:
LogInit:      CURL_VERSION_SSL
LogInit:      CURL_VERSION_LIBZ
LogInit:      CURL_VERSION_IPV6
LogInit:      CURL_VERSION_ASYNCHDNS
LogInit:      CURL_VERSION_LARGEFILE
LogInit:      CURL_VERSION_IDN
LogInit:  CurlRequestOptions (configurable via config and command line):
LogInit:  - bVerifyPeer = false  - Libcurl will NOT verify peer certificate
LogInit:  - bUseHttpProxy = false  - Libcurl will NOT use HTTP proxy
LogInit:  - bDontReuseConnections = false  - Libcurl will reuse connections
LogInit:  - CertBundlePath = nullptr  - Libcurl will use whatever was configured at build time.
LogInit:  - MaxHostConnections = 16  - Libcurl will limit the number of connections to a host
LogInit:  - LocalHostAddr = Default
LogInit: WinSock: version 1.1 (2.2), MaxSocks=32767, MaxUdp=65467
LogInit: WinSock: I am Marko--Desktop (169.254.120.129:0)
LogInit: Build: ++UE4+Release-4.19-CL-4033788
LogInit: Engine Version: 4.19.2-4033788+++UE4+Release-4.19
LogInit: Compatible Engine Version: 4.19.0-3944462+++UE4+Release-4.19
LogInit: Net CL: 3944462
LogDevObjectVersion: Number of dev versions registered: 18
LogDevObjectVersion:   Dev-Blueprints (B0D832E4-1F89-4F0D-ACCF-7EB736FD4AA2): 10
LogDevObjectVersion:   Dev-Build (E1C64328-A22C-4D53-A36C-8E866417BD8C): 0
LogDevObjectVersion:   Dev-Core (375EC13C-06E4-48FB-B500-84F0262A717E): 2
LogDevObjectVersion:   Dev-Editor (E4B068ED-F494-42E9-A231-DA0B2E46BB41): 23
LogDevObjectVersion:   Dev-Framework (CFFC743F-43B0-4480-9391-14DF171D2073): 33
LogDevObjectVersion:   Dev-Mobile (B02B49B5-BB20-44E9-A304-32B752E40360): 2
LogDevObjectVersion:   Dev-Networking (A4E4105C-59A1-49B5-A7C5-40C4547EDFEE): 0
LogDevObjectVersion:   Dev-Online (39C831C9-5AE6-47DC-9A44-9C173E1C8E7C): 0
LogDevObjectVersion:   Dev-Physics (78F01B33-EBEA-4F98-B9B4-84EACCB95AA2): 0
LogDevObjectVersion:   Dev-Platform (6631380F-2D4D-43E0-8009-CF276956A95A): 0
LogDevObjectVersion:   Dev-Rendering (12F88B9F-8875-4AFC-A67C-D90C383ABD29): 25
LogDevObjectVersion:   Dev-Sequencer (7B5AE74C-D270-4C10-A958-57980B212A5A): 6
LogDevObjectVersion:   Dev-VR (D7296918-1DD6-4BDD-9DE2-64A83CC13884): 1
LogDevObjectVersion:   Dev-LoadTimes (C2A15278-BFE7-4AFE-6C17-90FF531DF755): 1
LogDevObjectVersion:   Private-Geometry (6EACA3D4-40EC-4CC1-B786-8BED09428FC5): 2
LogDevObjectVersion:   Dev-AnimPhys (29E575DD-E0A3-4627-9D10-D276232CDCEA): 16
LogDevObjectVersion:   Dev-ReflectionCapture (6B266CEC-1EC7-4B8F-A30B-E4D90942FC07): 1
LogDevObjectVersion:   Dev-Automation (0DF73D61-A23F-47EA-B727-89E90C41499A): 1
LogInit: Compiled (64-bit): Apr 27 2018 02:06:57
LogInit: Compiled with Visual C++: 19.00.24215.01
LogInit: Build Configuration: Development
LogInit: Branch Name: ++UE4+Release-4.19
LogInit: Command Line: 
LogInit: Base Directory: D:/Program Files/Epic Games/UE_4.19/Engine/Binaries/Win64/
LogInit: Installed Engine Build: 1
LogStreaming: Display: Took  0.000s to delete old logs.
LogInit: Presizing for max 8388607 objects, including 0 objects not considered by GC, pre-allocating 0 bytes for permanent pool.
LogInit: Object subsystem initialized
[2019.02.28-00.08.10:973][  0]LogInit: Selected Device Profile: [Windows]
[2019.02.28-00.08.10:973][  0]LogInit: Applying CVar settings loaded from the selected device profile: [Windows]
[2019.02.28-00.08.10:982][  0]LogInit: Computer: MARKO--DESKTOP
[2019.02.28-00.08.10:982][  0]LogInit: User: Marko
[2019.02.28-00.08.10:982][  0]LogInit: CPU Page size=4096, Cores=4
[2019.02.28-00.08.10:982][  0]LogInit: High frequency timer resolution =10.000000 MHz
[2019.02.28-00.08.10:982][  0]LogMemory: Memory total: Physical=16.0GB (16GB approx)
[2019.02.28-00.08.10:983][  0]LogMemory: Platform Memory Stats for Windows
[2019.02.28-00.08.10:983][  0]LogMemory: Process Physical Memory: 283.51 MB used, 283.52 MB peak
[2019.02.28-00.08.10:983][  0]LogMemory: Process Virtual Memory: 270.89 MB used, 270.89 MB peak
[2019.02.28-00.08.10:983][  0]LogMemory: Physical Memory: 5231.62 MB used,  11111.55 MB free, 16343.17 MB total
[2019.02.28-00.08.10:983][  0]LogMemory: Virtual Memory: 4835.64 MB used,  11111.55 MB free, 134217728.00 MB total
[2019.02.28-00.08.11:437][  0]LogInit: Using OS detected language (en-US).
[2019.02.28-00.08.11:437][  0]LogInit: Using OS detected locale (en-US).
[2019.02.28-00.08.11:440][  0]LogTextLocalizationManager: No specific localization for 'en-US' exists, so the 'en' localization will be used.
[2019.02.28-00.08.11:767][  0]LogStreaming: Display: Took  0.330s to EndInitTextLocalization.
[2019.02.28-00.08.11:767][  0]LogInit: Setting process to per monitor DPI aware
[2019.02.28-00.08.11:797][  0]LogSlate: New Slate User Created.  User Index 0, Is Virtual User: 0
[2019.02.28-00.08.11:797][  0]LogSlate: Slate User Registered.  User Index 0, Is Virtual User: 0
[2019.02.28-00.08.11:987][  0]LogD3D11RHI: D3D11 adapters:
[2019.02.28-00.08.12:028][  0]LogD3D11RHI:    0. 'NVIDIA GeForce GTX 1080' (Feature Level 11_0)
[2019.02.28-00.08.12:028][  0]LogD3D11RHI:       8079/0/8171 MB DedicatedVideo/DedicatedSystem/SharedSystem, Outputs:1, VendorId:0x10de
[2019.02.28-00.08.12:030][  0]LogD3D11RHI:    1. 'Microsoft Basic Render Driver' (Feature Level 11_0)
[2019.02.28-00.08.12:030][  0]LogD3D11RHI:       0/0/8171 MB DedicatedVideo/DedicatedSystem/SharedSystem, Outputs:0, VendorId:0x1414
[2019.02.28-00.08.12:030][  0]LogD3D11RHI: Chosen D3D11 Adapter: 0
[2019.02.28-00.08.12:034][  0]LogD3D11RHI: Creating new Direct3DDevice
[2019.02.28-00.08.12:034][  0]LogD3D11RHI:     GPU DeviceId: 0x1b80 (for the marketing name, search the web for "GPU Device Id")
[2019.02.28-00.08.12:034][  0]LogWindows: EnumDisplayDevices:
[2019.02.28-00.08.12:035][  0]LogWindows:    0. 'NVIDIA GeForce GTX 1080' (P:1 D:1)
[2019.02.28-00.08.12:035][  0]LogWindows:    1. 'NVIDIA GeForce GTX 1080' (P:0 D:0)
[2019.02.28-00.08.12:035][  0]LogWindows:    2. 'NVIDIA GeForce GTX 1080' (P:0 D:0)
[2019.02.28-00.08.12:035][  0]LogWindows:    3. 'NVIDIA GeForce GTX 1080' (P:0 D:0)
[2019.02.28-00.08.12:035][  0]LogWindows: DebugString: GetVideoDriverDetailsInvalid PrimaryIsNotTheChoosenAdapter GetVideoDriverDetailsInvalid PrimaryIsNotTheChoosenAdapter GetVideoDriverDetailsInvalid PrimaryIsNotTheChoosenAdapter GetVideoDriverDetailsInvalid PrimaryIsNotTheChoosenAdapter FoundDriverCount:0 
[2019.02.28-00.08.12:035][  0]LogD3D11RHI:     Adapter Name: NVIDIA GeForce GTX 1080
[2019.02.28-00.08.12:035][  0]LogD3D11RHI:   Driver Version: Unknown (internal:Unknown, unified:Unknown)
[2019.02.28-00.08.12:035][  0]LogD3D11RHI:      Driver Date: Unknown
[2019.02.28-00.08.12:035][  0]LogRHI: Texture pool is 5655 MB (70% of 8079 MB)
[2019.02.28-00.08.12:067][  0]LogD3D11RHI: [Aftermath] Aftermath enabled and primed
[2019.02.28-00.08.12:067][  0]LogD3D11RHI: [Aftermath] Aftermath enabled and primed
[2019.02.28-00.08.12:067][  0]LogD3D11RHI: Async texture creation enabled
[2019.02.28-00.08.12:078][  0]LogD3D11RHI: GPU Timing Frequency: 1000.000000 (Debug: 2 1)
[2019.02.28-00.08.12:123][  0]LogShaderCompilers: Guid format shader working directory is -10 characters bigger than the processId version (C:/Users/Marko/Documents/GitHub/the-labyrinth/MyProject/Intermediate/Shaders/WorkingDirectory/11800/).
[2019.02.28-00.08.12:123][  0]LogShaderCompilers: Cleaned the shader compiler working directory 'C:/Users/Marko/AppData/Local/Temp/UnrealShaderWorkingDir/15E348874709B1F00F596BAB3274FA69/'.
[2019.02.28-00.08.12:321][  0]LogTemp: Display: Loaded TP AllDesktopTargetPlatform
[2019.02.28-00.08.12:335][  0]LogTemp: Display: Loaded TP MacClientTargetPlatform
[2019.02.28-00.08.12:347][  0]LogTemp: Display: Loaded TP MacNoEditorTargetPlatform
[2019.02.28-00.08.12:361][  0]LogTemp: Display: Loaded TP MacServerTargetPlatform
[2019.02.28-00.08.12:372][  0]LogTemp: Display: Loaded TP MacTargetPlatform
[2019.02.28-00.08.12:382][  0]LogTemp: Display: Loaded TP WindowsClientTargetPlatform
[2019.02.28-00.08.12:395][  0]LogTemp: Display: Loaded TP WindowsNoEditorTargetPlatform
[2019.02.28-00.08.12:407][  0]LogTemp: Display: Loaded TP WindowsServerTargetPlatform
[2019.02.28-00.08.12:413][  0]LogTemp: Display: Loaded TP WindowsTargetPlatform
[2019.02.28-00.08.12:422][  0]LogTemp: Display: Loaded TP Android_ASTCTargetPlatform
[2019.02.28-00.08.12:433][  0]LogTemp: Display: Loaded TP Android_ATCTargetPlatform
[2019.02.28-00.08.12:442][  0]LogTemp: Display: Loaded TP Android_DXTTargetPlatform
[2019.02.28-00.08.12:453][  0]LogTemp: Display: Loaded TP Android_ETC1aTargetPlatform
[2019.02.28-00.08.12:467][  0]LogTemp: Display: Loaded TP Android_ETC1TargetPlatform
[2019.02.28-00.08.12:476][  0]LogTemp: Display: Loaded TP Android_ETC2TargetPlatform
[2019.02.28-00.08.12:498][  0]LogTemp: Display: Loaded TP Android_MultiTargetPlatform
[2019.02.28-00.08.12:498][  0]LogTemp: Display: Loaded TP Android_PVRTCTargetPlatform
[2019.02.28-00.08.12:509][  0]LogTemp: Display: Loaded TP AndroidTargetPlatform
[2019.02.28-00.08.12:510][  0]LogTemp: Display: Loaded TP HTML5TargetPlatform
[2019.02.28-00.08.12:544][  0]LogTemp: Display: Loaded TP IOSTargetPlatform
[2019.02.28-00.08.12:553][  0]LogTemp: Display: Loaded TP TVOSTargetPlatform
[2019.02.28-00.08.12:563][  0]LogTemp: Display: Loaded TP LinuxClientTargetPlatform
[2019.02.28-00.08.12:574][  0]LogTemp: Display: Loaded TP LinuxNoEditorTargetPlatform
[2019.02.28-00.08.12:584][  0]LogTemp: Display: Loaded TP LinuxServerTargetPlatform
[2019.02.28-00.08.12:597][  0]LogTemp: Display: Loaded TP LinuxTargetPlatform
[2019.02.28-00.08.12:597][  0]LogTargetPlatformManager: Display: Building Assets For Windows
[2019.02.28-00.08.12:701][  0]LogXGEController: Cannot use XGE Controller as Incredibuild is not installed on this machine.
[2019.02.28-00.08.12:701][  0]LogShaderCompilers: Cannot use XGE Shader Compiler as Incredibuild is not installed on this machine.
[2019.02.28-00.08.12:701][  0]LogShaderCompilers: Display: Using Local Shader Compiler.
[2019.02.28-00.08.13:283][  0]LogDerivedDataCache: Display: Max Cache Size: 512 MB
[2019.02.28-00.08.13:341][  0]LogDerivedDataCache: Loaded boot cache 0.06s 88MB C:/Users/Marko/AppData/Local/UnrealEngine/4.19/DerivedDataCache/Boot.ddc.
[2019.02.28-00.08.13:341][  0]LogDerivedDataCache: Display: Loaded Boot cache: C:/Users/Marko/AppData/Local/UnrealEngine/4.19/DerivedDataCache/Boot.ddc
[2019.02.28-00.08.13:341][  0]LogDerivedDataCache: FDerivedDataBackendGraph:  Pak pak cache file C:/Users/Marko/Documents/GitHub/the-labyrinth/MyProject/DerivedDataCache/DDC.ddp not found, will not use a pak cache.
[2019.02.28-00.08.13:341][  0]LogDerivedDataCache: Unable to find inner node Pak for hierarchical cache Hierarchy.
[2019.02.28-00.08.13:341][  0]LogDerivedDataCache: FDerivedDataBackendGraph:  CompressedPak pak cache file C:/Users/Marko/Documents/GitHub/the-labyrinth/MyProject/DerivedDataCache/Compressed.ddp not found, will not use a pak cache.
[2019.02.28-00.08.13:341][  0]LogDerivedDataCache: Unable to find inner node CompressedPak for hierarchical cache Hierarchy.
[2019.02.28-00.08.13:357][  0]LogDerivedDataCache: Display: Pak cache opened for reading ../../../Engine/DerivedDataCache/Compressed.ddp.
[2019.02.28-00.08.13:369][  0]LogDerivedDataCache: Using Local data cache path C:/Users/Marko/AppData/Local/UnrealEngine/Common/DerivedDataCache: Writable
[2019.02.28-00.08.13:369][  0]LogDerivedDataCache: Shared data cache path not found in *engine.ini, will not use an Shared cache.
[2019.02.28-00.08.13:369][  0]LogDerivedDataCache: Unable to find inner node Shared for hierarchical cache Hierarchy.
[2019.02.28-00.08.13:380][  0]LogMaterial: Verifying Global Shaders for PCD3D_SM5
[2019.02.28-00.08.13:380][  0]LogSlate: Using Freetype 2.6.0
[2019.02.28-00.08.13:380][  0]LogSlate: SlateFontCache - WITH_FREETYPE: 1, WITH_HARFBUZZ: 1
[2019.02.28-00.08.13:381][  0]LogSlate: SlateFontCache - WITH_FREETYPE: 1, WITH_HARFBUZZ: 1
[2019.02.28-00.08.13:495][  0]LogAssetRegistry: FAssetRegistry took 0.0269 seconds to start up
[2019.02.28-00.08.13:764][  0]LogInit: Selected Device Profile: [Windows]
[2019.02.28-00.08.13:927][  0]LogSimplygon: Simplygon DLL not present - disabling.
[2019.02.28-00.08.13:929][  0]LogMeshReduction: Using SimplygonSwarm for distributed automatic mesh merging
[2019.02.28-00.08.13:929][  0]LogMeshReduction: Using QuadricMeshReduction for automatic static mesh reduction
[2019.02.28-00.08.13:929][  0]LogMeshReduction: No automatic skeletal mesh reduction module available
[2019.02.28-00.08.13:929][  0]LogMeshReduction: No automatic mesh merging module available
[2019.02.28-00.08.13:929][  0]LogMeshMerging: No automatic mesh merging module available
[2019.02.28-00.08.13:962][  0]LogNetVersion: MyProject , NetCL: 3944462, EngineNetVer: 2, GameNetVer: 0 (Checksum: 2475486345)
[2019.02.28-00.08.14:292][  0]LogPackageLocalizationCache: Processed 9 localized package path(s) for 2 prioritized culture(s) in 0.059857 seconds
[2019.02.28-00.08.14:296][  0]LogUObjectArray: 36728 objects as part of root set at end of initial load.
[2019.02.28-00.08.14:296][  0]LogUObjectAllocator: 7314312 out of 0 bytes used by permanent object pool.
[2019.02.28-00.08.14:296][  0]LogUObjectArray: CloseDisregardForGC: 0/0 objects in disregard for GC pool
[2019.02.28-00.08.15:772][  0]LogTcpMessaging: Initializing TcpMessaging bridge
[2019.02.28-00.08.15:803][  0]LogUdpMessaging: Initializing bridge on interface 0.0.0.0:0 to multicast group 230.0.0.1:6666.
[2019.02.28-00.08.16:182][  0]SourceControl: Source control is disabled
[2019.02.28-00.08.17:080][  0]LogAndroidPermission: UAndroidPermissionCallbackProxy::GetInstance
[2019.02.28-00.08.17:471][  0]LogOcInput: OculusInput pre-init called
[2019.02.28-00.08.17:578][  0]LogEngine: Initializing Engine...
[2019.02.28-00.08.17:579][  0]LogHMD: Oculus plugin initialized. Version: 4.19.2-4033788+++UE4+Release-4.19, OVRPlugin: 1.21.0
[2019.02.28-00.08.17:583][  0]LogStats: UGameplayTagsManager::ConstructGameplayTagTree: Construct from data asset -  0.000 s
[2019.02.28-00.08.17:583][  0]LogStats: UGameplayTagsManager::ConstructGameplayTagTree: GameplayTagTreeChangedEvent.Broadcast -  0.000 s
[2019.02.28-00.08.17:739][  0]LogAIModule: Creating AISystem for world Untitled
[2019.02.28-00.08.17:804][  0]LogInit: XAudio2 using 'Speakers (Realtek High Definition Audio)' : 6 channels at 48 kHz using 32 bits per sample (channel mask 0x3f)
[2019.02.28-00.08.17:955][  0]LogInit: FAudioDevice initialized.
[2019.02.28-00.08.17:993][  0]LogDerivedDataCache: Saved boot cache 0.04s 88MB C:/Users/Marko/AppData/Local/UnrealEngine/4.19/DerivedDataCache/Boot.ddc.
[2019.02.28-00.08.18:008][  0]LogInit: Texture streaming: Enabled
[2019.02.28-00.08.18:021][  0]LogEngineSessionManager: EngineSessionManager initialized
[2019.02.28-00.08.18:033][  0]LogInit: Transaction tracking system initialized
[2019.02.28-00.08.18:055][  0]BlueprintLog: New page: Editor Load
[2019.02.28-00.08.18:119][  0]LocalizationService: Localization service is disabled
[2019.02.28-00.08.18:220][  0]LogConsoleResponse: Display: 
[2019.02.28-00.08.18:356][  0]LogCook: Display: Max memory allowance for cook 16384mb min free memory 0mb
[2019.02.28-00.08.18:356][  0]LogCook: Display: Mobile HDR setting 1
[2019.02.28-00.08.18:356][  0]LogGameplayTags: Display: UGameplayTagsManager::DoneAddingNativeTags. DelegateIsBound: 0
[2019.02.28-00.08.18:356][  0]LogStats: UGameplayTagsManager::ConstructGameplayTagTree: Construct from data asset -  0.000 s
[2019.02.28-00.08.18:356][  0]LogStats: UGameplayTagsManager::ConstructGameplayTagTree: GameplayTagTreeChangedEvent.Broadcast -  0.000 s
[2019.02.28-00.08.18:656][  0]LogFileCache: Scanning file cache for directory 'C:/Users/Marko/Documents/GitHub/the-labyrinth/MyProject/Content/' took 0.02s
[2019.02.28-00.08.18:826][  0]Cmd: MAP LOAD FILE="C:/Users/Marko/Documents/GitHub/the-labyrinth/MyProject/Content/VirtualRealityBP/Maps/Level1_And_TestArea.umap" TEMPLATE=0 SHOWPROGRESS=1 FEATURELEVEL=3
[2019.02.28-00.08.18:826][  0]LightingResults: New page: Lighting Build
[2019.02.28-00.08.18:828][  0]MapCheck: New page: Map Check
[2019.02.28-00.08.18:828][  0]LightingResults: New page: Lighting Build
[2019.02.28-00.08.18:949][  0]LogUObjectGlobals: Created PersistentFrame Addr=0x00000254f313cf00, Size=416, Default__Teleporter_C Function /Game/Teleports/Blueprints/Teleporter.Teleporter_C:ExecuteUbergraph_Teleporter
[2019.02.28-00.08.18:955][  0]LogUObjectGlobals: Destroyed PersistentFrame Addr=0x00000254f313cf00, Size=416
[2019.02.28-00.08.18:955][  0]LogUObjectGlobals: Created PersistentFrame Addr=0x00000254f30ef200, Size=416, Default__Teleporter_C Function /Engine/Transient.REINST_Teleporter_C_7:ExecuteUbergraph_Teleporter
[2019.02.28-00.08.18:959][  0]LogUObjectGlobals: Created PersistentFrame Addr=0x00000254f30ee5c0, Size=416, Default__Teleporter_C Function /Game/Teleports/Blueprints/Teleporter.Teleporter_C:ExecuteUbergraph_Teleporter
[2019.02.28-00.08.18:970][  0]LogUObjectGlobals: Created PersistentFrame Addr=0x00000254f3067c40, Size=32, Default__BP_PickupCube_C Function /Game/VirtualRealityBP/Blueprints/BP_PickupCube.BP_PickupCube_C:ExecuteUbergraph_BP_PickupCube
[2019.02.28-00.08.18:972][  0]LogUObjectGlobals: Destroyed PersistentFrame Addr=0x00000254f3067c40, Size=32
[2019.02.28-00.08.18:972][  0]LogUObjectGlobals: Created PersistentFrame Addr=0x00000254f3067c40, Size=32, Default__BP_PickupCube_C Function /Engine/Transient.REINST_BP_PickupCube_C_11:ExecuteUbergraph_BP_PickupCube
[2019.02.28-00.08.18:974][  0]LogUObjectGlobals: Created PersistentFrame Addr=0x00000254f3066d60, Size=32, Default__BP_PickupCube_C Function /Game/VirtualRealityBP/Blueprints/BP_PickupCube.BP_PickupCube_C:ExecuteUbergraph_BP_PickupCube
[2019.02.28-00.08.18:996][  0]LogUObjectGlobals: Created PersistentFrame Addr=0x00000254f30ae380, Size=24, Default__RightHand_AnimBP_C Function /Game/VirtualReality/Mannequin/Animations/RightHand_AnimBP.RightHand_AnimBP_C:ExecuteUbergraph_RightHand_AnimBP
[2019.02.28-00.08.19:000][  0]LogUObjectGlobals: Destroyed PersistentFrame Addr=0x00000254f30ae380, Size=24
[2019.02.28-00.08.19:000][  0]LogUObjectGlobals: Created PersistentFrame Addr=0x00000254f30ae380, Size=24, Default__RightHand_AnimBP_C Function /Engine/Transient.REINST_RightHand_AnimBP_C_0:ExecuteUbergraph_RightHand_AnimBP
[2019.02.28-00.08.19:003][  0]LogUObjectGlobals: Created PersistentFrame Addr=0x00000254f30ad870, Size=24, Default__RightHand_AnimBP_C Function /Game/VirtualReality/Mannequin/Animations/RightHand_AnimBP.RightHand_AnimBP_C:ExecuteUbergraph_RightHand_AnimBP
[2019.02.28-00.08.19:044][  0]LogUObjectGlobals: Created PersistentFrame Addr=0x00000254f303c800, Size=968, Default__BP_MotionController_C Function /Game/VirtualRealityBP/Blueprints/BP_MotionController.BP_MotionController_C:ExecuteUbergraph_BP_MotionController
[2019.02.28-00.08.19:068][  0]LogUObjectGlobals: Destroyed PersistentFrame Addr=0x00000254f303c800, Size=968
[2019.02.28-00.08.19:068][  0]LogUObjectGlobals: Created PersistentFrame Addr=0x00000254f2e87000, Size=968, Default__BP_MotionController_C Function /Engine/Transient.REINST_BP_MotionController_C_14:ExecuteUbergraph_BP_MotionController
[2019.02.28-00.08.19:089][  0]LogUObjectGlobals: Created PersistentFrame Addr=0x00000254f2e85c00, Size=968, Default__BP_MotionController_C Function /Game/VirtualRealityBP/Blueprints/BP_MotionController.BP_MotionController_C:ExecuteUbergraph_BP_MotionController
[2019.02.28-00.08.19:094][  0]LogUObjectGlobals: Created PersistentFrame Addr=0x00000254cae8a200, Size=752, Default__MotionControllerPawn_C Function /Game/VirtualRealityBP/Blueprints/MotionControllerPawn.MotionControllerPawn_C:ExecuteUbergraph_MotionControllerPawn
[2019.02.28-00.08.19:109][  0]LogUObjectGlobals: Destroyed PersistentFrame Addr=0x00000254cae8a200, Size=752
[2019.02.28-00.08.19:109][  0]LogUObjectGlobals: Created PersistentFrame Addr=0x00000254d0465300, Size=752, Default__MotionControllerPawn_C Function /Engine/Transient.REINST_MotionControllerPawn_C_16:ExecuteUbergraph_MotionControllerPawn
[2019.02.28-00.08.19:118][  0]LogUObjectGlobals: Created PersistentFrame Addr=0x00000254d0466800, Size=752, Default__MotionControllerPawn_C Function /Game/VirtualRealityBP/Blueprints/MotionControllerPawn.MotionControllerPawn_C:ExecuteUbergraph_MotionControllerPawn
[2019.02.28-00.08.19:140][  0]LogUObjectGlobals: Created PersistentFrame Addr=0x00000254cae81630, Size=48, Default__Robot_C Function /Game/VirtualRealityBP/Blueprints/Robot.Robot_C:ExecuteUbergraph_Robot
[2019.02.28-00.08.19:142][  0]LogUObjectGlobals: Destroyed PersistentFrame Addr=0x00000254cae81630, Size=48
[2019.02.28-00.08.19:142][  0]LogUObjectGlobals: Created PersistentFrame Addr=0x00000254cae81630, Size=48, Default__Robot_C Function /Engine/Transient.REINST_Robot_C_18:ExecuteUbergraph_Robot
[2019.02.28-00.08.19:144][  0]LogUObjectGlobals: Created PersistentFrame Addr=0x00000254cae81420, Size=48, Default__Robot_C Function /Game/VirtualRealityBP/Blueprints/Robot.Robot_C:ExecuteUbergraph_Robot
[2019.02.28-00.08.19:181][  0]LogUObjectGlobals: Created PersistentFrame Addr=0x00000254f3138d48, Size=4, Default__Level1_And_TestArea_C Function /Game/VirtualRealityBP/Maps/Level1_And_TestArea.Level1_And_TestArea_C:ExecuteUbergraph_Level1_And_TestArea
[2019.02.28-00.08.19:183][  0]LogUObjectGlobals: Destroyed PersistentFrame Addr=0x00000254f3138d48, Size=4
[2019.02.28-00.08.19:183][  0]LogUObjectGlobals: Created PersistentFrame Addr=0x00000254f3138d48, Size=4, Default__Level1_And_TestArea_C Function /Engine/Transient.REINST_Level1_And_TestArea_C_20:ExecuteUbergraph_Level1_And_TestArea
[2019.02.28-00.08.19:183][  0]LogUObjectGlobals: Created PersistentFrame Addr=0x00000254f3138e18, Size=4, Default__Level1_And_TestArea_C Function /Game/VirtualRealityBP/Maps/Level1_And_TestArea.Level1_And_TestArea_C:ExecuteUbergraph_Level1_And_TestArea
[2019.02.28-00.08.19:387][  0]LogSkeletalMesh: Skeletal Mesh found in DDC [2.546200ms] /Game/VirtualReality/Mannequin/Character/Mesh/MannequinHand_Right.MannequinHand_Right
[2019.02.28-00.08.19:540][  0]LogAIModule: Creating AISystem for world Level1_And_TestArea
[2019.02.28-00.08.19:560][  0]LogEditorServer: Finished looking for orphan Actors (0.000 secs)
[2019.02.28-00.08.19:573][  0]LogUObjectGlobals: Destroyed PersistentFrame Addr=0x00000254f30ef200, Size=416
[2019.02.28-00.08.19:573][  0]LogUObjectGlobals: Destroyed PersistentFrame Addr=0x00000254f3067c40, Size=32
[2019.02.28-00.08.19:573][  0]LogUObjectGlobals: Destroyed PersistentFrame Addr=0x00000254f30ae380, Size=24
[2019.02.28-00.08.19:573][  0]LogUObjectGlobals: Destroyed PersistentFrame Addr=0x00000254f2e87000, Size=968
[2019.02.28-00.08.19:574][  0]LogUObjectGlobals: Destroyed PersistentFrame Addr=0x00000254d0465300, Size=752
[2019.02.28-00.08.19:574][  0]LogUObjectGlobals: Destroyed PersistentFrame Addr=0x00000254cae81630, Size=48
[2019.02.28-00.08.19:574][  0]LogUObjectGlobals: Destroyed PersistentFrame Addr=0x00000254f3138d48, Size=4
[2019.02.28-00.08.19:575][  0]Cmd: MAP CHECKDEP NOCLEARLOG
[2019.02.28-00.08.19:634][  0]MapCheck: Map check complete: 0 Error(s), 0 Warning(s), took 58.977ms to complete.
[2019.02.28-00.08.19:634][  0]LogFileHelpers: Loading map 'Level1_And_TestArea' took 0.809
[2019.02.28-00.08.19:799][  0]LogCollectionManager: Loaded 0 collections in 0.002771 seconds
[2019.02.28-00.08.19:855][  0]LogFileCache: Scanning file cache for directory 'C:/Users/Marko/Documents/GitHub/the-labyrinth/MyProject/Saved/Collections/' took 0.01s
[2019.02.28-00.08.19:855][  0]LogFileCache: Scanning file cache for directory 'C:/Users/Marko/Documents/GitHub/the-labyrinth/MyProject/Content/Developers/Marko/Collections/' took 0.01s
[2019.02.28-00.08.19:855][  0]LogFileCache: Scanning file cache for directory 'C:/Users/Marko/Documents/GitHub/the-labyrinth/MyProject/Content/Collections/' took 0.01s
[2019.02.28-00.08.19:855][  0]LogCollectionManager: Rebuilt the GUID cache for 0 collections in 0.000001 seconds
[2019.02.28-00.08.19:865][  0]LogContentBrowser: Native class hierarchy populated in 0.0098 seconds. Added 2452 classes and 558 folders.
[2019.02.28-00.08.19:875][  0]LogContentBrowser: Native class hierarchy updated for 'WidgetCarousel' in 0.0002 seconds. Added 0 classes and 0 folders.
[2019.02.28-00.08.19:989][  0]LogContentBrowser: Native class hierarchy updated for 'AddContentDialog' in 0.0002 seconds. Added 0 classes and 0 folders.
[2019.02.28-00.08.20:002][  0]LogContentBrowser: Native class hierarchy updated for 'SceneOutliner' in 0.0002 seconds. Added 1 classes and 2 folders.
[2019.02.28-00.08.20:091][  0]LogSlate: Took 0.000205 seconds to synchronously load lazily loaded font '../../../Engine/Content/Slate/Fonts/Roboto-Regular.ttf' (155K)
[2019.02.28-00.08.20:093][  0]LogSlate: Took 0.000165 seconds to synchronously load lazily loaded font '../../../Engine/Content/Slate/Fonts/Roboto-Bold.ttf' (160K)
[2019.02.28-00.08.20:099][  0]LogSlate: Took 0.000866 seconds to synchronously load lazily loaded font '../../../Engine/Content/Editor/Slate/Fonts/FontAwesome.ttf' (139K)
[2019.02.28-00.08.20:182][  0]LogRenderer: Reallocating scene render targets to support 1852x1036 Format 26 NumSamples 1 (Frame:1).
[2019.02.28-00.08.20:317][  0]LogContentBrowser: Native class hierarchy updated for 'HierarchicalLODOutliner' in 0.0001 seconds. Added 0 classes and 0 folders.
[2019.02.28-00.08.20:317][  0]LogLoad: (Engine Initialization) Total time: 12.05 seconds
[2019.02.28-00.08.20:317][  0]LogLoad: (Engine Initialization) Total Blueprint compile time: 0.00 seconds
[2019.02.28-00.08.20:326][  0]LogOcInput: OculusInput is initialized
[2019.02.28-00.08.20:346][  0]LogAssetRegistry: Asset discovery search completed in 6.8731 seconds
[2019.02.28-00.08.20:347][  0]LogCollectionManager: Rebuilt the object cache for 0 collections in 0.000000 seconds (found 0 objects)
[2019.02.28-00.08.20:347][  0]LogCollectionManager: Fixed up redirectors for 0 collections in 0.000033 seconds (updated 0 objects)
[2019.02.28-00.08.20:352][  0]LogContentStreaming: Texture pool size now 1000 MB
[2019.02.28-00.08.24:171][448]LogSlate: FSceneViewport::OnFocusLost() reason 2
[2019.02.28-00.08.28:733][991]LogSlate: FSceneViewport::OnFocusLost() reason 2
[2019.02.28-00.08.30:437][195]LogSlate: FSceneViewport::OnFocusLost() reason 2
[2019.02.28-00.08.31:114][195]LogSlate: Only BGRA pngs, bmps or icos are supported in by External Image Picker
[2019.02.28-00.08.31:241][196]LogTemp: Executing iPhonePackager certificates Engine -bundlename com.YourCompany.MyProject
[2019.02.28-00.08.31:241][196]LogTemp: CWD: D:\Program Files\Epic Games\UE_4.19\Engine\Binaries\DotNET\IOS
[2019.02.28-00.08.31:241][196]LogTemp: Initial Dir: D:\Program Files\Epic Games\UE_4.19
[2019.02.28-00.08.31:241][196]LogTemp: Env CWD: D:\Program Files\Epic Games\UE_4.19\Engine\Binaries\DotNET\IOS
[2019.02.28-00.08.31:241][196]LogTemp: BranchPath = MARKO--DESKTOP/D/Program Files/Epic Games/UE_4.19/Engine/Binaries --- GameBranchPath = MARKO--DESKTOP/D/Program Files/Epic Games/UE_4.19/Engine/Binaries
[2019.02.28-00.08.31:241][196]LogTemp: IPP ERROR: Could not find provision directory 'C:\Users\Marko\AppData\Local/Apple Computer/MobileDevice/Provisioning Profiles/'.
[2019.02.28-00.09.14:529][343]LogSlate: Window 'Project Settings' being destroyed
[2019.02.28-00.09.14:533][343]LogSlate: Window 'Project Settings' being destroyed
[2019.02.28-00.09.15:598][468]LogSlate: FSceneViewport::OnFocusLost() reason 2
[2019.02.28-00.09.19:733][963]SourceControl: fatal: D:/Program Files/Epic Games/UE_4.19/Engine/Content: 'D:/Program Files/Epic Games/UE_4.19/Engine/Content' is outside repository
[2019.02.28-00.09.19:849][963]LogSlate: FSceneViewport::OnFocusLost() reason 2
[2019.02.28-00.09.56:820][963]LogSlate: Window 'Submit Files' being destroyed
[2019.02.28-00.09.56:828][963]LogSlate: FSceneViewport::OnFocusLost() reason 2
[2019.02.28-00.09.57:033][963]LogSlate: FSceneViewport::OnFocusLost() reason 2
[2019.02.28-00.09.57:151][963]LogSlate: FSceneViewport::OnFocusLost() reason 2
[2019.02.28-00.09.57:558][963]LogSourceControl: commit successful: [master 24567a5] First commit
[2019.02.28-00.09.57:789][963]SourceControl: [master 24567a5] First commit
[2019.02.28-00.09.57:789][963]SourceControl:  6 files changed, 113 insertions(+), 110 deletions(-)
[2019.02.28-00.09.57:789][963]SourceControl:  rewrite MyProject/Content/Geometry/Meshes/1M_Cube.uasset (98%)
[2019.02.28-00.09.57:789][963]SourceControl:  rewrite MyProject/Content/Teleports/Blueprints/Teleporter.uasset (78%)
[2019.02.28-00.09.57:789][963]SourceControl:  create mode 100644 MyProject/Content/VirtualRealityBP/Blueprints/Robot.uasset
[2019.02.28-00.09.57:789][963]SourceControl:  rewrite MyProject/Content/VirtualRealityBP/Maps/Level1_And_TestArea.umap (70%)
[2019.02.28-00.09.57:795][963]SourceControl: Commited [master 24567a5] First commit.
[2019.02.28-00.10.09:059][379]LogHttp: Warning: 00000254B8A98580: request failed, libcurl error: 6 (Couldn't resolve host name)
[2019.02.28-00.10.09:059][379]LogHttp: Warning: 00000254B8A98580: libcurl info message cache 0 (Could not resolve host: datarouter.ol.epicgames.com)
[2019.02.28-00.10.09:059][379]LogHttp: Warning: 00000254B8A98580: libcurl info message cache 1 (Closing connection 0)
[2019.02.28-00.10.44:732][485]LogSlate: FSceneViewport::OnFocusLost() reason 2
[2019.02.28-00.11.09:485][439]LogSlate: Window 'Source Control Login' being destroyed
[2019.02.28-00.14.55:745][571]SourceControl: fatal: D:/Program Files/Epic Games/UE_4.19/Engine/Content: 'D:/Program Files/Epic Games/UE_4.19/Engine/Content' is outside repository
[2019.02.28-00.14.55:848][571]EditorErrors: Warning: No assets to check in!
[2019.02.28-00.15.15:031][871]LogSlate: Window 'Source Control Login' being destroyed
[2019.02.28-00.21.16:663][ 15]LogSlate: Window 'Source Control Login' being destroyed
[2019.02.28-00.23.51:778][672]LogSlate: Window 'Source Control Login' being destroyed
[2019.02.28-00.37.16:447][597]LogSlate: Took 0.000873 seconds to synchronously load lazily loaded font '../../../Engine/Content/Slate/Fonts/Roboto-Light.ttf' (167K)
[2019.02.28-00.37.16:477][597]LogUObjectGlobals: Destroyed PersistentFrame Addr=0x00000254f3138e18, Size=4
[2019.02.28-00.37.16:477][597]LogUObjectGlobals: Created PersistentFrame Addr=0x00000254f9f242c8, Size=4, Default__Level1_And_TestArea_C Function /Engine/Transient.REINST_Level1_And_TestArea_C_24:ExecuteUbergraph_Level1_And_TestArea
[2019.02.28-00.37.16:477][597]LogUObjectGlobals: Created PersistentFrame Addr=0x00000254f9f24ab0, Size=4, Default__Level1_And_TestArea_C Function /Game/VirtualRealityBP/Maps/Level1_And_TestArea.Level1_And_TestArea_C:ExecuteUbergraph_Level1_And_TestArea
[2019.02.28-00.37.16:597][597]LogSavePackage: Save=122.60ms
[2019.02.28-00.37.16:597][597]LogSavePackage: Moving 'C:/Users/Marko/Documents/GitHub/the-labyrinth/MyProject/Saved/Level1_And_TestArea9A62EBF446660A342A64388AB04858B7.tmp' to 'C:/Users/Marko/Documents/GitHub/the-labyrinth/MyProject/Content/VirtualRealityBP/Maps/Level1_And_TestArea.umap'
[2019.02.28-00.37.16:600][597]LogSavePackage: Display: Finished SavePackage C:/Users/Marko/Documents/GitHub/the-labyrinth/MyProject/Content/VirtualRealityBP/Maps/Level1_And_TestArea.umap
[2019.02.28-00.37.16:870][597]LogSavePackage: Save=174.93ms
[2019.02.28-00.37.16:870][597]LogSavePackage: Moving 'C:/Users/Marko/Documents/GitHub/the-labyrinth/MyProject/Saved/Level1_And_TestArea_BuiltData0A3743934EFFBCE46EF3B485F0062602.tmp' to 'C:/Users/Marko/Documents/GitHub/the-labyrinth/MyProject/Content/VirtualRealityBP/Maps/Level1_And_TestArea_BuiltData.uasset'
[2019.02.28-00.37.16:872][597]LogSavePackage: Display: Finished SavePackage C:/Users/Marko/Documents/GitHub/the-labyrinth/MyProject/Content/VirtualRealityBP/Maps/Level1_And_TestArea_BuiltData.uasset
[2019.02.28-00.37.18:753][821]SourceControl: fatal: D:/Program Files/Epic Games/UE_4.19/Engine/Content: 'D:/Program Files/Epic Games/UE_4.19/Engine/Content' is outside repository
[2019.02.28-00.37.30:462][821]LogSlate: Window 'Submit Files' being destroyed
[2019.02.28-00.37.30:690][821]LogSourceControl: commit successful: [master 44cf1ee] Next commit
[2019.02.28-00.37.30:744][821]SourceControl: [master 44cf1ee] Next commit
[2019.02.28-00.37.30:744][821]SourceControl:  1 file changed, 0 insertions(+), 0 deletions(-)
[2019.02.28-00.37.30:749][821]SourceControl: Commited [master 44cf1ee] Next commit.
[2019.02.28-00.37.34:156][150]LogUObjectGlobals: Destroyed PersistentFrame Addr=0x00000254f9f242c8, Size=4
[2019.02.28-00.37.34:166][150]LogUObjectGlobals: Destroyed PersistentFrame Addr=0x00000254f9f24ab0, Size=4
[2019.02.28-00.37.34:166][150]LogUObjectGlobals: Created PersistentFrame Addr=0x00000254f9f24ab0, Size=4, Default__Level1_And_TestArea_C Function /Engine/Transient.REINST_Level1_And_TestArea_C_28:ExecuteUbergraph_Level1_And_TestArea
[2019.02.28-00.37.34:166][150]LogUObjectGlobals: Created PersistentFrame Addr=0x00000254f9f24e68, Size=4, Default__Level1_And_TestArea_C Function /Game/VirtualRealityBP/Maps/Level1_And_TestArea.Level1_And_TestArea_C:ExecuteUbergraph_Level1_And_TestArea
[2019.02.28-00.37.34:284][150]LogSavePackage: Save=119.68ms
[2019.02.28-00.37.34:284][150]LogSavePackage: Moving 'C:/Users/Marko/Documents/GitHub/the-labyrinth/MyProject/Saved/Level1_And_TestAreaA86795934E348A185750FB881EFF176D.tmp' to 'C:/Users/Marko/Documents/GitHub/the-labyrinth/MyProject/Content/VirtualRealityBP/Maps/Level1_And_TestArea.umap'
[2019.02.28-00.37.34:286][150]LogSavePackage: Display: Finished SavePackage C:/Users/Marko/Documents/GitHub/the-labyrinth/MyProject/Content/VirtualRealityBP/Maps/Level1_And_TestArea.umap
[2019.02.28-00.37.34:486][150]LogSavePackage: Save=126.62ms
[2019.02.28-00.37.34:486][150]LogSavePackage: Moving 'C:/Users/Marko/Documents/GitHub/the-labyrinth/MyProject/Saved/Level1_And_TestArea_BuiltData1C8CD9F34FB4C4A7365086BEE968A122.tmp' to 'C:/Users/Marko/Documents/GitHub/the-labyrinth/MyProject/Content/VirtualRealityBP/Maps/Level1_And_TestArea_BuiltData.uasset'
[2019.02.28-00.37.34:487][150]LogSavePackage: Display: Finished SavePackage C:/Users/Marko/Documents/GitHub/the-labyrinth/MyProject/Content/VirtualRealityBP/Maps/Level1_And_TestArea_BuiltData.uasset
